GNU gdb (Ubuntu 7.7.1-0ubuntu5~14.04.2) 7.7.1
Copyright (C) 2014 Free Software Foundation, Inc.
License GPLv3+: GNU GPL version 3 or later <http://gnu.org/licenses/gpl.html>
This is free software: you are free to change and redistribute it.
There is NO WARRANTY, to the extent permitted by law.  Type "show copying"
and "show warranty" for details.
This GDB was configured as "x86_64-linux-gnu".
Type "show configuration" for configuration details.
For bug reporting instructions, please see:
<http://www.gnu.org/software/gdb/bugs/>.
Find the GDB manual and other documentation resources online at:
<http://www.gnu.org/software/gdb/documentation/>.
For help, type "help".
Type "apropos word" to search for commands related to "word"...
Reading symbols from prog...(no debugging symbols found)...done.
Breakpoint 1 at 0x80483ed

Breakpoint 1, 0x080483ed in sum ()
$1 = 0x80483ed
$2 = 0x80483ed
0x08048426 in main ()
$3 = 0x8048426
$4 = 0xffffce60
[Inferior 1 (process 867) exited with code 04]
